{
  "0 debug pnpm:scope": {
    "selected": 1,
    "workspacePrefix": "/Users/mioe/.mi/eslint-config"
  },
  "1 error pnpm": {
    "errno": 1,
    "code": "ELIFECYCLE",
    "pkgid": "@mioe/eslint-config-base@0.0.1",
    "stage": "lint",
    "script": "eslint . --config=index.js",
    "pkgname": "@mioe/eslint-config-base",
    "err": {
      "name": "pnpm",
      "message": "@mioe/eslint-config-base@0.0.1 lint: `eslint . --config=index.js`\nExit status 1",
      "code": "ELIFECYCLE",
      "stack": "pnpm: @mioe/eslint-config-base@0.0.1 lint: `eslint . --config=index.js`\nExit status 1\n    at EventEmitter.<anonymous> (/Users/mioe/.nvm/versions/node/v16.13.0/lib/node_modules/pnpm/dist/pnpm.cjs:105700:20)\n    at EventEmitter.emit (node:events:390:28)\n    at ChildProcess.<anonymous> (/Users/mioe/.nvm/versions/node/v16.13.0/lib/node_modules/pnpm/dist/pnpm.cjs:92261:18)\n    at ChildProcess.emit (node:events:390:28)\n    at maybeClose (node:internal/child_process:1064:16)\n    at Process.ChildProcess._handle.onexit (node:internal/child_process:301:5)"
    }
  },
  "2 warn pnpm:global": " Local package.json exists, but node_modules missing, did you mean to install?"
}